<?xml version="1.0" encoding="UTF-8"?>
<testsuite xmlns:xsi="http://www.w3.org/2001/XMLSchema-instance" xsi:noNamespaceSchemaLocation="https://maven.apache.org/surefire/maven-surefire-plugin/xsd/surefire-test-report.xsd" version="3.0.2" name="com.example.sortmonitor.SortmonitorApplicationTests" time="2.207" tests="1" errors="0" skipped="0" failures="0">
  <properties>
    <property name="java.specification.version" value="21"/>
    <property name="sun.cpu.isalist" value="amd64"/>
    <property name="sun.jnu.encoding" value="GBK"/>
    <property name="java.class.path" value="C:\Users\mosongqing\Desktop\vue3+ts study\实训作业\backend\sortmonitor\target\test-classes;C:\Users\mosongqing\Desktop\vue3+ts study\实训作业\backend\sortmonitor\target\classes;C:\path\to\local\repo\org\springframework\boot\spring-boot-starter\3.5.0\spring-boot-starter-3.5.0.jar;C:\path\to\local\repo\org\springframework\boot\spring-boot\3.5.0\spring-boot-3.5.0.jar;C:\path\to\local\repo\org\springframework\spring-context\6.2.7\spring-context-6.2.7.jar;C:\path\to\local\repo\org\springframework\spring-aop\6.2.7\spring-aop-6.2.7.jar;C:\path\to\local\repo\org\springframework\spring-beans\6.2.7\spring-beans-6.2.7.jar;C:\path\to\local\repo\org\springframework\spring-expression\6.2.7\spring-expression-6.2.7.jar;C:\path\to\local\repo\io\micrometer\micrometer-observation\1.15.0\micrometer-observation-1.15.0.jar;C:\path\to\local\repo\io\micrometer\micrometer-commons\1.15.0\micrometer-commons-1.15.0.jar;C:\path\to\local\repo\org\springframework\boot\spring-boot-autoconfigure\3.5.0\spring-boot-autoconfigure-3.5.0.jar;C:\path\to\local\repo\org\springframework\boot\spring-boot-starter-logging\3.5.0\spring-boot-starter-logging-3.5.0.jar;C:\path\to\local\repo\ch\qos\logback\logback-classic\1.5.18\logback-classic-1.5.18.jar;C:\path\to\local\repo\ch\qos\logback\logback-core\1.5.18\logback-core-1.5.18.jar;C:\path\to\local\repo\org\apache\logging\log4j\log4j-to-slf4j\2.24.3\log4j-to-slf4j-2.24.3.jar;C:\path\to\local\repo\org\apache\logging\log4j\log4j-api\2.24.3\log4j-api-2.24.3.jar;C:\path\to\local\repo\org\slf4j\jul-to-slf4j\2.0.17\jul-to-slf4j-2.0.17.jar;C:\path\to\local\repo\jakarta\annotation\jakarta.annotation-api\2.1.1\jakarta.annotation-api-2.1.1.jar;C:\path\to\local\repo\org\springframework\spring-core\6.2.7\spring-core-6.2.7.jar;C:\path\to\local\repo\org\springframework\spring-jcl\6.2.7\spring-jcl-6.2.7.jar;C:\path\to\local\repo\org\yaml\snakeyaml\2.4\snakeyaml-2.4.jar;C:\path\to\local\repo\org\springframework\boot\spring-boot-starter-test\3.5.0\spring-boot-starter-test-3.5.0.jar;C:\path\to\local\repo\org\springframework\boot\spring-boot-test\3.5.0\spring-boot-test-3.5.0.jar;C:\path\to\local\repo\org\springframework\boot\spring-boot-test-autoconfigure\3.5.0\spring-boot-test-autoconfigure-3.5.0.jar;C:\path\to\local\repo\com\jayway\jsonpath\json-path\2.9.0\json-path-2.9.0.jar;C:\path\to\local\repo\org\slf4j\slf4j-api\2.0.17\slf4j-api-2.0.17.jar;C:\path\to\local\repo\jakarta\xml\bind\jakarta.xml.bind-api\4.0.2\jakarta.xml.bind-api-4.0.2.jar;C:\path\to\local\repo\jakarta\activation\jakarta.activation-api\2.1.3\jakarta.activation-api-2.1.3.jar;C:\path\to\local\repo\net\minidev\json-smart\2.5.2\json-smart-2.5.2.jar;C:\path\to\local\repo\net\minidev\accessors-smart\2.5.2\accessors-smart-2.5.2.jar;C:\path\to\local\repo\org\ow2\asm\asm\9.7.1\asm-9.7.1.jar;C:\path\to\local\repo\org\assertj\assertj-core\3.27.3\assertj-core-3.27.3.jar;C:\path\to\local\repo\net\bytebuddy\byte-buddy\1.17.5\byte-buddy-1.17.5.jar;C:\path\to\local\repo\org\awaitility\awaitility\4.3.0\awaitility-4.3.0.jar;C:\path\to\local\repo\org\hamcrest\hamcrest\3.0\hamcrest-3.0.jar;C:\path\to\local\repo\org\junit\jupiter\junit-jupiter\5.12.2\junit-jupiter-5.12.2.jar;C:\path\to\local\repo\org\junit\jupiter\junit-jupiter-api\5.12.2\junit-jupiter-api-5.12.2.jar;C:\path\to\local\repo\org\opentest4j\opentest4j\1.3.0\opentest4j-1.3.0.jar;C:\path\to\local\repo\org\junit\platform\junit-platform-commons\1.12.2\junit-platform-commons-1.12.2.jar;C:\path\to\local\repo\org\apiguardian\apiguardian-api\1.1.2\apiguardian-api-1.1.2.jar;C:\path\to\local\repo\org\junit\jupiter\junit-jupiter-params\5.12.2\junit-jupiter-params-5.12.2.jar;C:\path\to\local\repo\org\junit\jupiter\junit-jupiter-engine\5.12.2\junit-jupiter-engine-5.12.2.jar;C:\path\to\local\repo\org\junit\platform\junit-platform-engine\1.12.2\junit-platform-engine-1.12.2.jar;C:\path\to\local\repo\org\mockito\mockito-core\5.17.0\mockito-core-5.17.0.jar;C:\path\to\local\repo\net\bytebuddy\byte-buddy-agent\1.17.5\byte-buddy-agent-1.17.5.jar;C:\path\to\local\repo\org\objenesis\objenesis\3.3\objenesis-3.3.jar;C:\path\to\local\repo\org\mockito\mockito-junit-jupiter\5.17.0\mockito-junit-jupiter-5.17.0.jar;C:\path\to\local\repo\org\skyscreamer\jsonassert\1.5.3\jsonassert-1.5.3.jar;C:\path\to\local\repo\com\vaadin\external\google\android-json\0.0.20131108.vaadin1\android-json-0.0.20131108.vaadin1.jar;C:\path\to\local\repo\org\springframework\spring-test\6.2.7\spring-test-6.2.7.jar;C:\path\to\local\repo\org\xmlunit\xmlunit-core\2.10.1\xmlunit-core-2.10.1.jar;"/>
    <property name="java.vm.vendor" value="Oracle Corporation"/>
    <property name="sun.arch.data.model" value="64"/>
    <property name="user.variant" value=""/>
    <property name="java.vendor.url" value="https://java.oracle.com/"/>
    <property name="user.timezone" value="Asia/Shanghai"/>
    <property name="os.name" value="Windows 11"/>
    <property name="java.vm.specification.version" value="21"/>
    <property name="APPLICATION_NAME" value="sortmonitor"/>
    <property name="sun.java.launcher" value="SUN_STANDARD"/>
    <property name="user.country" value="CN"/>
    <property name="sun.boot.library.path" value="C:\Program Files\Java\jdk-21\bin"/>
    <property name="sun.java.command" value="C:\Users\mosongqing\AppData\Local\Temp\surefire14486888062411019174\surefirebooter-20250609223132941_3.jar C:\Users\mosongqing\AppData\Local\Temp\surefire14486888062411019174 2025-06-09T22-31-31_367-jvmRun1 surefire-20250609223132941_1tmp surefire_0-20250609223132941_2tmp"/>
    <property name="jdk.debug" value="release"/>
    <property name="surefire.test.class.path" value="C:\Users\mosongqing\Desktop\vue3+ts study\实训作业\backend\sortmonitor\target\test-classes;C:\Users\mosongqing\Desktop\vue3+ts study\实训作业\backend\sortmonitor\target\classes;C:\path\to\local\repo\org\springframework\boot\spring-boot-starter\3.5.0\spring-boot-starter-3.5.0.jar;C:\path\to\local\repo\org\springframework\boot\spring-boot\3.5.0\spring-boot-3.5.0.jar;C:\path\to\local\repo\org\springframework\spring-context\6.2.7\spring-context-6.2.7.jar;C:\path\to\local\repo\org\springframework\spring-aop\6.2.7\spring-aop-6.2.7.jar;C:\path\to\local\repo\org\springframework\spring-beans\6.2.7\spring-beans-6.2.7.jar;C:\path\to\local\repo\org\springframework\spring-expression\6.2.7\spring-expression-6.2.7.jar;C:\path\to\local\repo\io\micrometer\micrometer-observation\1.15.0\micrometer-observation-1.15.0.jar;C:\path\to\local\repo\io\micrometer\micrometer-commons\1.15.0\micrometer-commons-1.15.0.jar;C:\path\to\local\repo\org\springframework\boot\spring-boot-autoconfigure\3.5.0\spring-boot-autoconfigure-3.5.0.jar;C:\path\to\local\repo\org\springframework\boot\spring-boot-starter-logging\3.5.0\spring-boot-starter-logging-3.5.0.jar;C:\path\to\local\repo\ch\qos\logback\logback-classic\1.5.18\logback-classic-1.5.18.jar;C:\path\to\local\repo\ch\qos\logback\logback-core\1.5.18\logback-core-1.5.18.jar;C:\path\to\local\repo\org\apache\logging\log4j\log4j-to-slf4j\2.24.3\log4j-to-slf4j-2.24.3.jar;C:\path\to\local\repo\org\apache\logging\log4j\log4j-api\2.24.3\log4j-api-2.24.3.jar;C:\path\to\local\repo\org\slf4j\jul-to-slf4j\2.0.17\jul-to-slf4j-2.0.17.jar;C:\path\to\local\repo\jakarta\annotation\jakarta.annotation-api\2.1.1\jakarta.annotation-api-2.1.1.jar;C:\path\to\local\repo\org\springframework\spring-core\6.2.7\spring-core-6.2.7.jar;C:\path\to\local\repo\org\springframework\spring-jcl\6.2.7\spring-jcl-6.2.7.jar;C:\path\to\local\repo\org\yaml\snakeyaml\2.4\snakeyaml-2.4.jar;C:\path\to\local\repo\org\springframework\boot\spring-boot-starter-test\3.5.0\spring-boot-starter-test-3.5.0.jar;C:\path\to\local\repo\org\springframework\boot\spring-boot-test\3.5.0\spring-boot-test-3.5.0.jar;C:\path\to\local\repo\org\springframework\boot\spring-boot-test-autoconfigure\3.5.0\spring-boot-test-autoconfigure-3.5.0.jar;C:\path\to\local\repo\com\jayway\jsonpath\json-path\2.9.0\json-path-2.9.0.jar;C:\path\to\local\repo\org\slf4j\slf4j-api\2.0.17\slf4j-api-2.0.17.jar;C:\path\to\local\repo\jakarta\xml\bind\jakarta.xml.bind-api\4.0.2\jakarta.xml.bind-api-4.0.2.jar;C:\path\to\local\repo\jakarta\activation\jakarta.activation-api\2.1.3\jakarta.activation-api-2.1.3.jar;C:\path\to\local\repo\net\minidev\json-smart\2.5.2\json-smart-2.5.2.jar;C:\path\to\local\repo\net\minidev\accessors-smart\2.5.2\accessors-smart-2.5.2.jar;C:\path\to\local\repo\org\ow2\asm\asm\9.7.1\asm-9.7.1.jar;C:\path\to\local\repo\org\assertj\assertj-core\3.27.3\assertj-core-3.27.3.jar;C:\path\to\local\repo\net\bytebuddy\byte-buddy\1.17.5\byte-buddy-1.17.5.jar;C:\path\to\local\repo\org\awaitility\awaitility\4.3.0\awaitility-4.3.0.jar;C:\path\to\local\repo\org\hamcrest\hamcrest\3.0\hamcrest-3.0.jar;C:\path\to\local\repo\org\junit\jupiter\junit-jupiter\5.12.2\junit-jupiter-5.12.2.jar;C:\path\to\local\repo\org\junit\jupiter\junit-jupiter-api\5.12.2\junit-jupiter-api-5.12.2.jar;C:\path\to\local\repo\org\opentest4j\opentest4j\1.3.0\opentest4j-1.3.0.jar;C:\path\to\local\repo\org\junit\platform\junit-platform-commons\1.12.2\junit-platform-commons-1.12.2.jar;C:\path\to\local\repo\org\apiguardian\apiguardian-api\1.1.2\apiguardian-api-1.1.2.jar;C:\path\to\local\repo\org\junit\jupiter\junit-jupiter-params\5.12.2\junit-jupiter-params-5.12.2.jar;C:\path\to\local\repo\org\junit\jupiter\junit-jupiter-engine\5.12.2\junit-jupiter-engine-5.12.2.jar;C:\path\to\local\repo\org\junit\platform\junit-platform-engine\1.12.2\junit-platform-engine-1.12.2.jar;C:\path\to\local\repo\org\mockito\mockito-core\5.17.0\mockito-core-5.17.0.jar;C:\path\to\local\repo\net\bytebuddy\byte-buddy-agent\1.17.5\byte-buddy-agent-1.17.5.jar;C:\path\to\local\repo\org\objenesis\objenesis\3.3\objenesis-3.3.jar;C:\path\to\local\repo\org\mockito\mockito-junit-jupiter\5.17.0\mockito-junit-jupiter-5.17.0.jar;C:\path\to\local\repo\org\skyscreamer\jsonassert\1.5.3\jsonassert-1.5.3.jar;C:\path\to\local\repo\com\vaadin\external\google\android-json\0.0.20131108.vaadin1\android-json-0.0.20131108.vaadin1.jar;C:\path\to\local\repo\org\springframework\spring-test\6.2.7\spring-test-6.2.7.jar;C:\path\to\local\repo\org\xmlunit\xmlunit-core\2.10.1\xmlunit-core-2.10.1.jar;"/>
    <property name="sun.cpu.endian" value="little"/>
    <property name="user.home" value="C:\Users\mosongqing"/>
    <property name="user.language" value="zh"/>
    <property name="java.specification.vendor" value="Oracle Corporation"/>
    <property name="java.version.date" value="2023-09-19"/>
    <property name="java.home" value="C:\Program Files\Java\jdk-21"/>
    <property name="file.separator" value="\"/>
    <property name="basedir" value="C:\Users\mosongqing\Desktop\vue3+ts study\实训作业\backend\sortmonitor"/>
    <property name="java.vm.compressedOopsMode" value="Zero based"/>
    <property name="line.separator" value="&#10;"/>
    <property name="java.vm.specification.vendor" value="Oracle Corporation"/>
    <property name="java.specification.name" value="Java Platform API Specification"/>
    <property name="FILE_LOG_CHARSET" value="UTF-8"/>
    <property name="java.awt.headless" value="true"/>
    <property name="surefire.real.class.path" value="C:\Users\mosongqing\AppData\Local\Temp\surefire14486888062411019174\surefirebooter-20250609223132941_3.jar"/>
    <property name="user.script" value=""/>
    <property name="sun.management.compiler" value="HotSpot 64-Bit Tiered Compilers"/>
    <property name="java.runtime.version" value="21+35-LTS-2513"/>
    <property name="user.name" value="mosongqing"/>
    <property name="stdout.encoding" value="GBK"/>
    <property name="path.separator" value=";"/>
    <property name="os.version" value="10.0"/>
    <property name="java.runtime.name" value="Java(TM) SE Runtime Environment"/>
    <property name="file.encoding" value="UTF-8"/>
    <property name="java.vm.name" value="Java HotSpot(TM) 64-Bit Server VM"/>
    <property name="localRepository" value="C:\path\to\local\repo"/>
    <property name="java.vendor.url.bug" value="https://bugreport.java.com/bugreport/"/>
    <property name="java.io.tmpdir" value="C:\Users\MOSONG~1\AppData\Local\Temp\"/>
    <property name="idea.version" value="2024.3"/>
    <property name="java.version" value="21"/>
    <property name="user.dir" value="C:\Users\mosongqing\Desktop\vue3+ts study\实训作业\backend\sortmonitor"/>
    <property name="os.arch" value="amd64"/>
    <property name="java.vm.specification.name" value="Java Virtual Machine Specification"/>
    <property name="PID" value="22904"/>
    <property name="sun.os.patch.level" value=""/>
    <property name="CONSOLE_LOG_CHARSET" value="UTF-8"/>
    <property name="native.encoding" value="GBK"/>
    <property name="java.library.path" value="C:\Program Files\Java\jdk-21\bin;C:\WINDOWS\Sun\Java\bin;C:\WINDOWS\system32;C:\WINDOWS;C:\Program Files\Python313\Scripts\;C:\Program Files\Python313\;C:\Program Files (x86)\VMware\VMware Workstation\bin\;C:\Program Files\Common Files\Oracle\Java\javapath;C:\WINDOWS\system32;C:\WINDOWS;C:\WINDOWS\System32\Wbem;C:\WINDOWS\System32\WindowsPowerShell\v1.0\;C:\WINDOWS\System32\OpenSSH\;C:\Users\mosongqing\Desktop\environment\mingw64\bin;C:\Program Files\MySQL\MySQL Server 8.0\bin;C:\Program Files\dotnet\;C:\Users\mosongqing\Desktop\environment;C:\Pro;ram Files (x86)\maven\apache-maven-3.9.9\bin;%JAVA_HOME%\bin;C:\Program Files (x86)\maven\apache-maven-3.9.9\bin;C:\Program Files\nodejs\;C:\Program Files\Git\cmd;C:\Program Files (x86)\Tencent\微信web开发者工具\dll;C:\Users\mosongqing\AppData\Local\Microsoft\WindowsApps;C:\Users\mosongqing\AppData\Local\Programs\Microsoft VS Code\bin;C:\Program Files\JetBrains\IntelliJ IDEA 2024.3\bin;;C:\Program Files (x86)\maven\apache-maven-3.9.9\bin\bin;C:\Users\mosongqing\AppData\Roaming\npm;;."/>
    <property name="java.vm.info" value="mixed mode, sharing"/>
    <property name="stderr.encoding" value="GBK"/>
    <property name="java.vendor" value="Oracle Corporation"/>
    <property name="java.vm.version" value="21+35-LTS-2513"/>
    <property name="sun.io.unicode.encoding" value="UnicodeLittle"/>
    <property name="java.class.version" value="65.0"/>
    <property name="LOGGED_APPLICATION_NAME" value="[sortmonitor] "/>
  </properties>
  <testcase name="contextLoads" classname="com.example.sortmonitor.SortmonitorApplicationTests" time="1.011">
    <system-out><![CDATA[22:31:33.950 [main] INFO org.springframework.test.context.support.AnnotationConfigContextLoaderUtils -- Could not detect default configuration classes for test class [com.example.sortmonitor.SortmonitorApplicationTests]: SortmonitorApplicationTests does not declare any static, non-private, non-final, nested classes annotated with @Configuration.
22:31:34.059 [main] INFO org.springframework.boot.test.context.SpringBootTestContextBootstrapper -- Found @SpringBootConfiguration com.example.sortmonitor.SortmonitorApplication for test class com.example.sortmonitor.SortmonitorApplicationTests

  .   ____          _            __ _ _
 /\\ / ___'_ __ _ _(_)_ __  __ _ \ \ \ \
( ( )\___ | '_ | '_| | '_ \/ _` | \ \ \ \
 \\/  ___)| |_)| | | | | || (_| |  ) ) ) )
  '  |____| .__|_| |_|_| |_\__, | / / / /
 =========|_|==============|___/=/_/_/_/

 :: Spring Boot ::                (v3.5.0)

2025-06-09T22:31:34.505+08:00  INFO 22904 --- [sortmonitor] [           main] c.e.s.SortmonitorApplicationTests        : Starting SortmonitorApplicationTests using Java 21 with PID 22904 (started by mosongqing in C:\Users\mosongqing\Desktop\vue3+ts study\实训作业\backend\sortmonitor)
2025-06-09T22:31:34.506+08:00  INFO 22904 --- [sortmonitor] [           main] c.e.s.SortmonitorApplicationTests        : No active profile set, falling back to 1 default profile: "default"
2025-06-09T22:31:35.003+08:00  INFO 22904 --- [sortmonitor] [           main] c.e.s.SortmonitorApplicationTests        : Started SortmonitorApplicationTests in 0.788 seconds (process running for 1.846)
]]></system-out>
    <system-err><![CDATA[Mockito is currently self-attaching to enable the inline-mock-maker. This will no longer work in future releases of the JDK. Please add Mockito as an agent to your build as described in Mockito's documentation: https://javadoc.io/doc/org.mockito/mockito-core/latest/org.mockito/org/mockito/Mockito.html#0.3
WARNING: A Java agent has been loaded dynamically (C:\path\to\local\repo\net\bytebuddy\byte-buddy-agent\1.17.5\byte-buddy-agent-1.17.5.jar)
WARNING: If a serviceability tool is in use, please run with -XX:+EnableDynamicAgentLoading to hide this warning
WARNING: If a serviceability tool is not in use, please run with -Djdk.instrument.traceUsage for more information
WARNING: Dynamic loading of agents will be disallowed by default in a future release
]]></system-err>
  </testcase>
</testsuite>